<?xml version="1.0" encoding="UTF-8"?>
<!-- Generated by org.testng.reporters.JUnitReportReporter -->
<testsuite skipped="0" hostname="LAPTOP-FN8U3CV9" name="com.qa.jenkinspractice.Jenkins" tests="1" failures="0" timestamp="26 Jul 2019 07:47:16 GMT" time="0.000" errors="0">
  <testcase name="function" time="0.000" classname="com.qa.jenkinspractice.Jenkins"/>
</testsuite> <!-- com.qa.jenkinspractice.Jenkins -->
